Using pre-set license
Built from '2020.3/release' branch; Version is '2020.3.12f1 (b3b2c6512326) revision 11776710'; Using compiler version '192528614'; Build Type 'Release'
OS: 'Windows 10 Home; OS build 19043.1055; Version 2009; 64bit' Language: 'en' Physical Memory: 16245 MB
BatchMode: 1, IsHumanControllingUs: 0, StartBugReporterOnCrash: 0, Is64bit: 1, IsPro: 0

 COMMAND LINE ARGUMENTS:
C:\Program Files\Unity\Hub\Editor\2020.3.12f1\Editor\Unity.exe
-adb2
-batchMode
-noUpm
-name
AssetImportWorker0
-projectPath
D:/taren/Desktop/Taren Patel ID Tech Hackathon/ID-Tech-Hackathon/Wild West Game
-logFile
Logs/AssetImportWorker0.log
-srvPort
51037
Successfully changed project path to: D:/taren/Desktop/Taren Patel ID Tech Hackathon/ID-Tech-Hackathon/Wild West Game
D:/taren/Desktop/Taren Patel ID Tech Hackathon/ID-Tech-Hackathon/Wild West Game
Using Asset Import Pipeline V2.
Refreshing native plugins compatible for Editor in 42.04 ms, found 2 plugins.
Preloading 0 native plugins for Editor in 0.00 ms.
Initialize engine version: 2020.3.12f1 (b3b2c6512326)
[Subsystems] Discovering subsystems at path C:/Program Files/Unity/Hub/Editor/2020.3.12f1/Editor/Data/Resources/UnitySubsystems
[Subsystems] Discovering subsystems at path D:/taren/Desktop/Taren Patel ID Tech Hackathon/ID-Tech-Hackathon/Wild West Game/Assets
GfxDevice: creating device client; threaded=0
Direct3D:
    Version:  Direct3D 11.0 [level 11.1]
    Renderer: NVIDIA GeForce RTX 2070 with Max-Q Design (ID=0x1f14)
    Vendor:   
    VRAM:     8031 MB
    Driver:   30.0.14.7111
Shader 'WFX/Transparent Specular': fallback shader 'Particles/Alpha Blended' not found
Shader 'WFX/Transparent Diffuse': fallback shader 'Particles/Alpha Blended' not found
Initialize mono
Mono path[0] = 'C:/Program Files/Unity/Hub/Editor/2020.3.12f1/Editor/Data/Managed'
Mono path[1] = 'C:/Program Files/Unity/Hub/Editor/2020.3.12f1/Editor/Data/MonoBleedingEdge/lib/mono/unityjit'
Mono config path = 'C:/Program Files/Unity/Hub/Editor/2020.3.12f1/Editor/Data/MonoBleedingEdge/etc'
Using monoOptions --debugger-agent=transport=dt_socket,embedding=1,server=y,suspend=n,address=127.0.0.1:56652
Begin MonoManager ReloadAssembly
Registering precompiled unity dll's ...
Register platform support module: C:/Program Files/Unity/Hub/Editor/2020.3.12f1/Editor/Data/PlaybackEngines/WindowsStandaloneSupport/UnityEditor.WindowsStandalone.Extensions.dll
Registered in 0.001752 seconds.
Native extension for WindowsStandalone target not found
Refreshing native plugins compatible for Editor in 40.83 ms, found 2 plugins.
Preloading 0 native plugins for Editor in 0.00 ms.
Mono: successfully reloaded assembly
- Completed reload, in  1.902 seconds
Platform modules already initialized, skipping
Registering precompiled user dll's ...
Registered in 0.005626 seconds.
Begin MonoManager ReloadAssembly
Native extension for WindowsStandalone target not found
Refreshing native plugins compatible for Editor in 0.40 ms, found 2 plugins.
Preloading 0 native plugins for Editor in 0.00 ms.
Mono: successfully reloaded assembly
- Completed reload, in  1.137 seconds
Platform modules already initialized, skipping
========================================================================
Worker process is ready to serve import requests
Shader 'WFX/Transparent Specular': fallback shader 'Particles/Alpha Blended' not found
Shader 'WFX/Transparent Diffuse': fallback shader 'Particles/Alpha Blended' not found
Launched and connected shader compiler UnityShaderCompiler.exe after 0.05 seconds
Refreshing native plugins compatible for Editor in 0.41 ms, found 2 plugins.
Preloading 0 native plugins for Editor in 0.00 ms.
Unloading 1745 Unused Serialized files (Serialized files now loaded: 0)
System memory in use before: 87.4 MB.
System memory in use after: 87.5 MB.

Unloading 19 unused Assets to reduce memory usage. Loaded Objects now: 2184.
Total: 1.964200 ms (FindLiveObjects: 0.190300 ms CreateObjectMapping: 0.073000 ms MarkObjects: 1.620000 ms  DeleteObjects: 0.079800 ms)

AssetImportParameters requested are different than current active one (requested -> active):
  custom:framework-win-MediaFoundation: 216162199b28c13a410421893ffa2e32 -> 
  custom:video-decoder-ogg-theora: a1e56fd34408186e4bbccfd4996cb3dc -> 
  custom:container-muxer-webm: aa71ff27fc2769a1b78a27578f13a17b -> 
  custom:container-demuxer-webm: 4f35f7cbe854078d1ac9338744f61a02 -> 
  custom:container-demuxer-ogg: 62fdf1f143b41e24485cea50d1cbac27 -> 
  custom:video-encoder-webm-vp8: eb34c28f22e8b96e1ab97ce403110664 -> 
  custom:video-decoder-webm-vp8: 9c59270c3fd7afecdb556c50c9e8de78 -> 
  custom:audio-decoder-ogg-vorbis: bf7c407c2cedff20999df2af8eb42d56 -> 
  custom:audio-encoder-webm-vorbis: bf7c407c2cedff20999df2af8eb42d56 -> 
========================================================================
Received Import Request.
  path: Assets/Prefabs
  artifactKey: Guid(b5f63abb5db26ec47aedfb684f1350c2) Importer(815301076,1909f56bfc062723c751e8b465ee728b)
Start importing Assets/Prefabs using Guid(b5f63abb5db26ec47aedfb684f1350c2) Importer(815301076,1909f56bfc062723c751e8b465ee728b)  -> (artifact id: '7435c7fe98c48c171732cb679191a3a8') in 0.006789 seconds 
  Import took 0.009658 seconds .

========================================================================
Received Import Request.
  Time since last request: 0.000300 seconds.
  path: Assets/Scenes/Victory Screen.unity
  artifactKey: Guid(94917fb43f5bdb14ab60d652e75aaeef) Importer(815301076,1909f56bfc062723c751e8b465ee728b)
Start importing Assets/Scenes/Victory Screen.unity using Guid(94917fb43f5bdb14ab60d652e75aaeef) Importer(815301076,1909f56bfc062723c751e8b465ee728b)  -> (artifact id: 'c7838230595c396e4e8d1f0ff4abafd6') in 0.008792 seconds 
  Import took 0.012521 seconds .

========================================================================
Received Import Request.
  Time since last request: 0.000255 seconds.
  path: Assets/Scenes
  artifactKey: Guid(cbf6c9080b77269449ea3dff23a234ed) Importer(815301076,1909f56bfc062723c751e8b465ee728b)
Start importing Assets/Scenes using Guid(cbf6c9080b77269449ea3dff23a234ed) Importer(815301076,1909f56bfc062723c751e8b465ee728b)  -> (artifact id: '20f52ed99e203e14e39d8981c30b511a') in 0.004674 seconds 
  Import took 0.008122 seconds .

========================================================================
Received Prepare
Registering precompiled user dll's ...
Registered in 0.009955 seconds.
Begin MonoManager ReloadAssembly
Native extension for WindowsStandalone target not found
Refreshing native plugins compatible for Editor in 0.86 ms, found 2 plugins.
Preloading 0 native plugins for Editor in 0.00 ms.
Mono: successfully reloaded assembly
- Completed reload, in  1.038 seconds
Platform modules already initialized, skipping
Shader 'WFX/Transparent Specular': fallback shader 'Particles/Alpha Blended' not found
Shader 'WFX/Transparent Diffuse': fallback shader 'Particles/Alpha Blended' not found
Refreshing native plugins compatible for Editor in 0.35 ms, found 2 plugins.
Preloading 0 native plugins for Editor in 0.00 ms.
Unloading 1716 Unused Serialized files (Serialized files now loaded: 0)
System memory in use before: 84.9 MB.
System memory in use after: 85.0 MB.

Unloading 14 unused Assets to reduce memory usage. Loaded Objects now: 2188.
Total: 1.708000 ms (FindLiveObjects: 0.179000 ms CreateObjectMapping: 0.091900 ms MarkObjects: 1.359700 ms  DeleteObjects: 0.076600 ms)

AssetImportParameters requested are different than current active one (requested -> active):
  custom:framework-win-MediaFoundation: 216162199b28c13a410421893ffa2e32 -> 
  custom:video-decoder-ogg-theora: a1e56fd34408186e4bbccfd4996cb3dc -> 
  custom:container-muxer-webm: aa71ff27fc2769a1b78a27578f13a17b -> 
  custom:container-demuxer-webm: 4f35f7cbe854078d1ac9338744f61a02 -> 
  custom:container-demuxer-ogg: 62fdf1f143b41e24485cea50d1cbac27 -> 
  custom:video-encoder-webm-vp8: eb34c28f22e8b96e1ab97ce403110664 -> 
  custom:video-decoder-webm-vp8: 9c59270c3fd7afecdb556c50c9e8de78 -> 
  custom:audio-decoder-ogg-vorbis: bf7c407c2cedff20999df2af8eb42d56 -> 
  custom:audio-encoder-webm-vorbis: bf7c407c2cedff20999df2af8eb42d56 -> 
========================================================================
Received Prepare
Registering precompiled user dll's ...
Registered in 0.005471 seconds.
Begin MonoManager ReloadAssembly
Native extension for WindowsStandalone target not found
Refreshing native plugins compatible for Editor in 0.36 ms, found 2 plugins.
Preloading 0 native plugins for Editor in 0.00 ms.
Mono: successfully reloaded assembly
- Completed reload, in  1.005 seconds
Platform modules already initialized, skipping
Shader 'WFX/Transparent Specular': fallback shader 'Particles/Alpha Blended' not found
Shader 'WFX/Transparent Diffuse': fallback shader 'Particles/Alpha Blended' not found
Refreshing native plugins compatible for Editor in 0.42 ms, found 2 plugins.
Preloading 0 native plugins for Editor in 0.00 ms.
Unloading 1716 Unused Serialized files (Serialized files now loaded: 0)
System memory in use before: 84.9 MB.
System memory in use after: 85.0 MB.

Unloading 14 unused Assets to reduce memory usage. Loaded Objects now: 2191.
Total: 1.707100 ms (FindLiveObjects: 0.172300 ms CreateObjectMapping: 0.063200 ms MarkObjects: 1.423500 ms  DeleteObjects: 0.047100 ms)

AssetImportParameters requested are different than current active one (requested -> active):
  custom:framework-win-MediaFoundation: 216162199b28c13a410421893ffa2e32 -> 
  custom:video-decoder-ogg-theora: a1e56fd34408186e4bbccfd4996cb3dc -> 
  custom:container-muxer-webm: aa71ff27fc2769a1b78a27578f13a17b -> 
  custom:container-demuxer-webm: 4f35f7cbe854078d1ac9338744f61a02 -> 
  custom:container-demuxer-ogg: 62fdf1f143b41e24485cea50d1cbac27 -> 
  custom:video-encoder-webm-vp8: eb34c28f22e8b96e1ab97ce403110664 -> 
  custom:video-decoder-webm-vp8: 9c59270c3fd7afecdb556c50c9e8de78 -> 
  custom:audio-decoder-ogg-vorbis: bf7c407c2cedff20999df2af8eb42d56 -> 
  custom:audio-encoder-webm-vorbis: bf7c407c2cedff20999df2af8eb42d56 -> 
========================================================================
Received Import Request.
  Time since last request: 256.915966 seconds.
  path: Assets/Scripts
  artifactKey: Guid(6d4064d4fcf57fe47ba0f16825789f65) Importer(815301076,1909f56bfc062723c751e8b465ee728b)
Start importing Assets/Scripts using Guid(6d4064d4fcf57fe47ba0f16825789f65) Importer(815301076,1909f56bfc062723c751e8b465ee728b)  -> (artifact id: '5bf7528024b55c486f5fc007454b5358') in 0.005018 seconds 
  Import took 0.007561 seconds .

========================================================================
Received Prepare
Registering precompiled user dll's ...
Registered in 0.005991 seconds.
Begin MonoManager ReloadAssembly
Native extension for WindowsStandalone target not found
Refreshing native plugins compatible for Editor in 0.36 ms, found 2 plugins.
Preloading 0 native plugins for Editor in 0.00 ms.
Mono: successfully reloaded assembly
- Completed reload, in  0.976 seconds
Platform modules already initialized, skipping
Shader 'WFX/Transparent Specular': fallback shader 'Particles/Alpha Blended' not found
Shader 'WFX/Transparent Diffuse': fallback shader 'Particles/Alpha Blended' not found
Refreshing native plugins compatible for Editor in 0.36 ms, found 2 plugins.
Preloading 0 native plugins for Editor in 0.00 ms.
Unloading 1716 Unused Serialized files (Serialized files now loaded: 0)
System memory in use before: 85.0 MB.
System memory in use after: 85.0 MB.

Unloading 14 unused Assets to reduce memory usage. Loaded Objects now: 2194.
Total: 1.670900 ms (FindLiveObjects: 0.144800 ms CreateObjectMapping: 0.053100 ms MarkObjects: 1.428600 ms  DeleteObjects: 0.043700 ms)

AssetImportParameters requested are different than current active one (requested -> active):
  custom:framework-win-MediaFoundation: 216162199b28c13a410421893ffa2e32 -> 
  custom:video-decoder-ogg-theora: a1e56fd34408186e4bbccfd4996cb3dc -> 
  custom:container-muxer-webm: aa71ff27fc2769a1b78a27578f13a17b -> 
  custom:container-demuxer-webm: 4f35f7cbe854078d1ac9338744f61a02 -> 
  custom:container-demuxer-ogg: 62fdf1f143b41e24485cea50d1cbac27 -> 
  custom:video-encoder-webm-vp8: eb34c28f22e8b96e1ab97ce403110664 -> 
  custom:video-decoder-webm-vp8: 9c59270c3fd7afecdb556c50c9e8de78 -> 
  custom:audio-decoder-ogg-vorbis: bf7c407c2cedff20999df2af8eb42d56 -> 
  custom:audio-encoder-webm-vorbis: bf7c407c2cedff20999df2af8eb42d56 -> 
========================================================================
Received Prepare
Registering precompiled user dll's ...
Registered in 0.006160 seconds.
Begin MonoManager ReloadAssembly
Native extension for WindowsStandalone target not found
Refreshing native plugins compatible for Editor in 0.36 ms, found 2 plugins.
Preloading 0 native plugins for Editor in 0.00 ms.
Mono: successfully reloaded assembly
- Completed reload, in  1.124 seconds
Platform modules already initialized, skipping
Shader 'WFX/Transparent Specular': fallback shader 'Particles/Alpha Blended' not found
Shader 'WFX/Transparent Diffuse': fallback shader 'Particles/Alpha Blended' not found
Refreshing native plugins compatible for Editor in 0.35 ms, found 2 plugins.
Preloading 0 native plugins for Editor in 0.00 ms.
Unloading 1716 Unused Serialized files (Serialized files now loaded: 0)
System memory in use before: 85.0 MB.
System memory in use after: 85.1 MB.

Unloading 14 unused Assets to reduce memory usage. Loaded Objects now: 2197.
Total: 3.363100 ms (FindLiveObjects: 0.414900 ms CreateObjectMapping: 0.068200 ms MarkObjects: 2.739900 ms  DeleteObjects: 0.136600 ms)

AssetImportParameters requested are different than current active one (requested -> active):
  custom:framework-win-MediaFoundation: 216162199b28c13a410421893ffa2e32 -> 
  custom:video-decoder-ogg-theora: a1e56fd34408186e4bbccfd4996cb3dc -> 
  custom:container-muxer-webm: aa71ff27fc2769a1b78a27578f13a17b -> 
  custom:container-demuxer-webm: 4f35f7cbe854078d1ac9338744f61a02 -> 
  custom:container-demuxer-ogg: 62fdf1f143b41e24485cea50d1cbac27 -> 
  custom:video-encoder-webm-vp8: eb34c28f22e8b96e1ab97ce403110664 -> 
  custom:video-decoder-webm-vp8: 9c59270c3fd7afecdb556c50c9e8de78 -> 
  custom:audio-decoder-ogg-vorbis: bf7c407c2cedff20999df2af8eb42d56 -> 
  custom:audio-encoder-webm-vorbis: bf7c407c2cedff20999df2af8eb42d56 -> 
========================================================================
Received Import Request.
  Time since last request: 223.947618 seconds.
  path: Assets/TextMesh Pro/Fonts/LiberationSans.ttf
  artifactKey: Guid(e3265ab4bf004d28a9537516768c1c75) Importer(815301076,1909f56bfc062723c751e8b465ee728b)
Start importing Assets/TextMesh Pro/Fonts/LiberationSans.ttf using Guid(e3265ab4bf004d28a9537516768c1c75) Importer(815301076,1909f56bfc062723c751e8b465ee728b)  -> (artifact id: 'cec1587b7129bde4b287cc77833a66ca') in 0.123611 seconds 
  Import took 0.126497 seconds .

========================================================================
Received Import Request.
  Time since last request: 28.696128 seconds.
  path: Assets/Animation
  artifactKey: Guid(c9eec1284c541d04aa1d6623f89155c4) Importer(815301076,1909f56bfc062723c751e8b465ee728b)
Start importing Assets/Animation using Guid(c9eec1284c541d04aa1d6623f89155c4) Importer(815301076,1909f56bfc062723c751e8b465ee728b)  -> (artifact id: 'd27947dc1c3982662569048c86a6aa5f') in 0.003600 seconds 
  Import took 0.006062 seconds .

========================================================================
Received Import Request.
  Time since last request: 4.415560 seconds.
  path: Assets/Scenes/Death Screen.unity
  artifactKey: Guid(4da38655796d95941bc9b4fcb3f054fc) Importer(815301076,1909f56bfc062723c751e8b465ee728b)
Start importing Assets/Scenes/Death Screen.unity using Guid(4da38655796d95941bc9b4fcb3f054fc) Importer(815301076,1909f56bfc062723c751e8b465ee728b)  -> (artifact id: 'ce9788e2cd83b99210b62c71e493b4e4') in 0.004333 seconds 
  Import took 0.007126 seconds .

========================================================================
Received Import Request.
  Time since last request: 39.927766 seconds.
  path: Assets/Scenes/Victory Screen.unity
  artifactKey: Guid(94917fb43f5bdb14ab60d652e75aaeef) Importer(815301076,1909f56bfc062723c751e8b465ee728b)
Start importing Assets/Scenes/Victory Screen.unity using Guid(94917fb43f5bdb14ab60d652e75aaeef) Importer(815301076,1909f56bfc062723c751e8b465ee728b)  -> (artifact id: 'af48fadfbd735644fe97dacba37a2080') in 0.006944 seconds 
  Import took 0.009419 seconds .

========================================================================
Received Import Request.
  Time since last request: 7.339737 seconds.
  path: Assets/Scenes/Game.unity
  artifactKey: Guid(9fc0d4010bbf28b4594072e72b8655ab) Importer(815301076,1909f56bfc062723c751e8b465ee728b)
Start importing Assets/Scenes/Game.unity using Guid(9fc0d4010bbf28b4594072e72b8655ab) Importer(815301076,1909f56bfc062723c751e8b465ee728b)  -> (artifact id: '13b110c65c2912baa8b9ac47da79407b') in 0.004701 seconds 
  Import took 0.007827 seconds .

========================================================================
Received Import Request.
  Time since last request: 0.582118 seconds.
  path: Assets/Scenes/Death Screen.unity
  artifactKey: Guid(4da38655796d95941bc9b4fcb3f054fc) Importer(815301076,1909f56bfc062723c751e8b465ee728b)
Start importing Assets/Scenes/Death Screen.unity using Guid(4da38655796d95941bc9b4fcb3f054fc) Importer(815301076,1909f56bfc062723c751e8b465ee728b)  -> (artifact id: '415b46d74d1444138e8203a5ad0fde83') in 0.003308 seconds 
  Import took 0.005980 seconds .

========================================================================
Received Import Request.
  Time since last request: 46.934524 seconds.
  path: Assets/Scenes/SampleScene.unity
  artifactKey: Guid(d7039364ab2b0fe4bb3b1ea649088707) Importer(815301076,1909f56bfc062723c751e8b465ee728b)
Start importing Assets/Scenes/SampleScene.unity using Guid(d7039364ab2b0fe4bb3b1ea649088707) Importer(815301076,1909f56bfc062723c751e8b465ee728b)  -> (artifact id: 'e48875d95920da0dbe5fbac7e5dffad7') in 0.004432 seconds 
  Import took 0.007223 seconds .

========================================================================
Received Import Request.
  Time since last request: 0.449752 seconds.
  path: Assets/Scenes/MainMenu.unity
  artifactKey: Guid(f2c05e9e5408e54469acbb65e4155d30) Importer(815301076,1909f56bfc062723c751e8b465ee728b)
Start importing Assets/Scenes/MainMenu.unity using Guid(f2c05e9e5408e54469acbb65e4155d30) Importer(815301076,1909f56bfc062723c751e8b465ee728b)  -> (artifact id: 'a4dea937d1733922da99a0878cbb389c') in 0.004134 seconds 
  Import took 0.006788 seconds .

========================================================================
Received Prepare
Registering precompiled user dll's ...
Registered in 0.005553 seconds.
Begin MonoManager ReloadAssembly
Native extension for WindowsStandalone target not found
Refreshing native plugins compatible for Editor in 0.42 ms, found 2 plugins.
Preloading 0 native plugins for Editor in 0.00 ms.
Mono: successfully reloaded assembly
- Completed reload, in  0.904 seconds
Platform modules already initialized, skipping
Shader 'WFX/Transparent Specular': fallback shader 'Particles/Alpha Blended' not found
Shader 'WFX/Transparent Diffuse': fallback shader 'Particles/Alpha Blended' not found
Refreshing native plugins compatible for Editor in 0.36 ms, found 2 plugins.
Preloading 0 native plugins for Editor in 0.00 ms.
Unloading 1716 Unused Serialized files (Serialized files now loaded: 0)
System memory in use before: 88.5 MB.
System memory in use after: 88.6 MB.

Unloading 14 unused Assets to reduce memory usage. Loaded Objects now: 2244.
Total: 1.701900 ms (FindLiveObjects: 0.183100 ms CreateObjectMapping: 0.062800 ms MarkObjects: 1.413300 ms  DeleteObjects: 0.041800 ms)

AssetImportParameters requested are different than current active one (requested -> active):
  custom:framework-win-MediaFoundation: 216162199b28c13a410421893ffa2e32 -> 
  custom:video-decoder-ogg-theora: a1e56fd34408186e4bbccfd4996cb3dc -> 
  custom:container-muxer-webm: aa71ff27fc2769a1b78a27578f13a17b -> 
  custom:container-demuxer-webm: 4f35f7cbe854078d1ac9338744f61a02 -> 
  custom:container-demuxer-ogg: 62fdf1f143b41e24485cea50d1cbac27 -> 
  custom:video-encoder-webm-vp8: eb34c28f22e8b96e1ab97ce403110664 -> 
  custom:video-decoder-webm-vp8: 9c59270c3fd7afecdb556c50c9e8de78 -> 
  custom:audio-decoder-ogg-vorbis: bf7c407c2cedff20999df2af8eb42d56 -> 
  custom:audio-encoder-webm-vorbis: bf7c407c2cedff20999df2af8eb42d56 -> 
========================================================================
Received Import Request.
  Time since last request: 85.398552 seconds.
  path: Assets/Pictures/wild-west-town lively.jpg
  artifactKey: Guid(bf466927fdc6306499308ca2f75ff3df) Importer(815301076,1909f56bfc062723c751e8b465ee728b)
Start importing Assets/Pictures/wild-west-town lively.jpg using Guid(bf466927fdc6306499308ca2f75ff3df) Importer(815301076,1909f56bfc062723c751e8b465ee728b)  -> (artifact id: 'db9ef49da931639c60eb2fa8599bedbe') in 0.058160 seconds 
  Import took 0.060557 seconds .

========================================================================
Received Import Request.
  Time since last request: 0.000332 seconds.
  path: Assets/Pictures/Logo.png
  artifactKey: Guid(38386da78ab010c4288d4b72908a6041) Importer(815301076,1909f56bfc062723c751e8b465ee728b)
Start importing Assets/Pictures/Logo.png using Guid(38386da78ab010c4288d4b72908a6041) Importer(815301076,1909f56bfc062723c751e8b465ee728b)  -> (artifact id: '14559e38756527b34001b26f66482773') in 0.027008 seconds 
  Import took 0.029394 seconds .

========================================================================
Received Import Request.
  Time since last request: 0.000251 seconds.
  path: Assets/Pictures/clipart-gun-six-shooter-3.gif
  artifactKey: Guid(f204566ce8f7c9b4888a5b226b28a6fa) Importer(815301076,1909f56bfc062723c751e8b465ee728b)
Start importing Assets/Pictures/clipart-gun-six-shooter-3.gif using Guid(f204566ce8f7c9b4888a5b226b28a6fa) Importer(815301076,1909f56bfc062723c751e8b465ee728b)  -> (artifact id: 'c1dd78b7417ef4c9507554c1c30f8608') in 0.037240 seconds 
  Import took 0.039610 seconds .

========================================================================
Received Import Request.
  Time since last request: 0.000336 seconds.
  path: Assets/Pictures/R9c93c2dc8c317483111c197a41d7f964.jpg
  artifactKey: Guid(4615bebe0c809e241983e2cec3a798ae) Importer(815301076,1909f56bfc062723c751e8b465ee728b)
Start importing Assets/Pictures/R9c93c2dc8c317483111c197a41d7f964.jpg using Guid(4615bebe0c809e241983e2cec3a798ae) Importer(815301076,1909f56bfc062723c751e8b465ee728b)  -> (artifact id: 'b77bd4e797910bcb73a7358335781822') in 0.039879 seconds 
  Import took 0.042293 seconds .

========================================================================
Received Import Request.
  Time since last request: 5.067915 seconds.
  path: Assets/Scenes/Death Screen.unity
  artifactKey: Guid(4da38655796d95941bc9b4fcb3f054fc) Importer(815301076,1909f56bfc062723c751e8b465ee728b)
Start importing Assets/Scenes/Death Screen.unity using Guid(4da38655796d95941bc9b4fcb3f054fc) Importer(815301076,1909f56bfc062723c751e8b465ee728b)  -> (artifact id: '3b885f3eaa90e31622d3f76934f05a1f') in 0.004156 seconds 
  Import took 0.006630 seconds .

========================================================================
Received Prepare
Registering precompiled user dll's ...
Registered in 0.005106 seconds.
Begin MonoManager ReloadAssembly
Native extension for WindowsStandalone target not found
Refreshing native plugins compatible for Editor in 0.46 ms, found 2 plugins.
Preloading 0 native plugins for Editor in 0.00 ms.
Mono: successfully reloaded assembly
- Completed reload, in  1.526 seconds
Platform modules already initialized, skipping
Shader 'WFX/Transparent Specular': fallback shader 'Particles/Alpha Blended' not found
Shader 'WFX/Transparent Diffuse': fallback shader 'Particles/Alpha Blended' not found
Refreshing native plugins compatible for Editor in 0.46 ms, found 2 plugins.
Preloading 0 native plugins for Editor in 0.00 ms.
Unloading 1716 Unused Serialized files (Serialized files now loaded: 0)
System memory in use before: 88.6 MB.
System memory in use after: 88.6 MB.

Unloading 14 unused Assets to reduce memory usage. Loaded Objects now: 2257.
Total: 4.875200 ms (FindLiveObjects: 0.877000 ms CreateObjectMapping: 0.317200 ms MarkObjects: 3.583800 ms  DeleteObjects: 0.094900 ms)

AssetImportParameters requested are different than current active one (requested -> active):
  custom:framework-win-MediaFoundation: 216162199b28c13a410421893ffa2e32 -> 
  custom:video-decoder-ogg-theora: a1e56fd34408186e4bbccfd4996cb3dc -> 
  custom:container-muxer-webm: aa71ff27fc2769a1b78a27578f13a17b -> 
  custom:container-demuxer-webm: 4f35f7cbe854078d1ac9338744f61a02 -> 
  custom:container-demuxer-ogg: 62fdf1f143b41e24485cea50d1cbac27 -> 
  custom:video-encoder-webm-vp8: eb34c28f22e8b96e1ab97ce403110664 -> 
  custom:video-decoder-webm-vp8: 9c59270c3fd7afecdb556c50c9e8de78 -> 
  custom:audio-decoder-ogg-vorbis: bf7c407c2cedff20999df2af8eb42d56 -> 
  custom:audio-encoder-webm-vorbis: bf7c407c2cedff20999df2af8eb42d56 -> 
========================================================================
Received Prepare
Registering precompiled user dll's ...
Registered in 0.006143 seconds.
Begin MonoManager ReloadAssembly
Native extension for WindowsStandalone target not found
Refreshing native plugins compatible for Editor in 0.44 ms, found 2 plugins.
Preloading 0 native plugins for Editor in 0.00 ms.
Mono: successfully reloaded assembly
- Completed reload, in  0.941 seconds
Platform modules already initialized, skipping
Shader 'WFX/Transparent Specular': fallback shader 'Particles/Alpha Blended' not found
Shader 'WFX/Transparent Diffuse': fallback shader 'Particles/Alpha Blended' not found
Refreshing native plugins compatible for Editor in 0.36 ms, found 2 plugins.
Preloading 0 native plugins for Editor in 0.00 ms.
Unloading 1716 Unused Serialized files (Serialized files now loaded: 0)
System memory in use before: 88.6 MB.
System memory in use after: 88.6 MB.

Unloading 14 unused Assets to reduce memory usage. Loaded Objects now: 2260.
Total: 1.867100 ms (FindLiveObjects: 0.153000 ms CreateObjectMapping: 0.051800 ms MarkObjects: 1.618200 ms  DeleteObjects: 0.043300 ms)

AssetImportParameters requested are different than current active one (requested -> active):
  custom:framework-win-MediaFoundation: 216162199b28c13a410421893ffa2e32 -> 
  custom:video-decoder-ogg-theora: a1e56fd34408186e4bbccfd4996cb3dc -> 
  custom:container-muxer-webm: aa71ff27fc2769a1b78a27578f13a17b -> 
  custom:container-demuxer-webm: 4f35f7cbe854078d1ac9338744f61a02 -> 
  custom:container-demuxer-ogg: 62fdf1f143b41e24485cea50d1cbac27 -> 
  custom:video-encoder-webm-vp8: eb34c28f22e8b96e1ab97ce403110664 -> 
  custom:video-decoder-webm-vp8: 9c59270c3fd7afecdb556c50c9e8de78 -> 
  custom:audio-decoder-ogg-vorbis: bf7c407c2cedff20999df2af8eb42d56 -> 
  custom:audio-encoder-webm-vorbis: bf7c407c2cedff20999df2af8eb42d56 -> 
========================================================================
Received Prepare
Registering precompiled user dll's ...
Registered in 0.009289 seconds.
Begin MonoManager ReloadAssembly
Native extension for WindowsStandalone target not found
Refreshing native plugins compatible for Editor in 0.67 ms, found 2 plugins.
Preloading 0 native plugins for Editor in 0.00 ms.
Mono: successfully reloaded assembly
- Completed reload, in  1.313 seconds
Platform modules already initialized, skipping
Shader 'WFX/Transparent Specular': fallback shader 'Particles/Alpha Blended' not found
Shader 'WFX/Transparent Diffuse': fallback shader 'Particles/Alpha Blended' not found
Refreshing native plugins compatible for Editor in 0.41 ms, found 2 plugins.
Preloading 0 native plugins for Editor in 0.00 ms.
Unloading 1716 Unused Serialized files (Serialized files now loaded: 0)
System memory in use before: 88.6 MB.
System memory in use after: 88.6 MB.

Unloading 14 unused Assets to reduce memory usage. Loaded Objects now: 2263.
Total: 1.984900 ms (FindLiveObjects: 0.180000 ms CreateObjectMapping: 0.069000 ms MarkObjects: 1.682100 ms  DeleteObjects: 0.052600 ms)

AssetImportParameters requested are different than current active one (requested -> active):
  custom:framework-win-MediaFoundation: 216162199b28c13a410421893ffa2e32 -> 
  custom:video-decoder-ogg-theora: a1e56fd34408186e4bbccfd4996cb3dc -> 
  custom:container-muxer-webm: aa71ff27fc2769a1b78a27578f13a17b -> 
  custom:container-demuxer-webm: 4f35f7cbe854078d1ac9338744f61a02 -> 
  custom:container-demuxer-ogg: 62fdf1f143b41e24485cea50d1cbac27 -> 
  custom:video-encoder-webm-vp8: eb34c28f22e8b96e1ab97ce403110664 -> 
  custom:video-decoder-webm-vp8: 9c59270c3fd7afecdb556c50c9e8de78 -> 
  custom:audio-decoder-ogg-vorbis: bf7c407c2cedff20999df2af8eb42d56 -> 
  custom:audio-encoder-webm-vorbis: bf7c407c2cedff20999df2af8eb42d56 -> 
========================================================================
Received Prepare
Registering precompiled user dll's ...
Registered in 0.005629 seconds.
Begin MonoManager ReloadAssembly
Native extension for WindowsStandalone target not found
Refreshing native plugins compatible for Editor in 0.44 ms, found 2 plugins.
Preloading 0 native plugins for Editor in 0.00 ms.
Mono: successfully reloaded assembly
- Completed reload, in  1.360 seconds
Platform modules already initialized, skipping
Shader 'WFX/Transparent Specular': fallback shader 'Particles/Alpha Blended' not found
Shader 'WFX/Transparent Diffuse': fallback shader 'Particles/Alpha Blended' not found
Refreshing native plugins compatible for Editor in 0.57 ms, found 2 plugins.
Preloading 0 native plugins for Editor in 0.00 ms.
Unloading 1716 Unused Serialized files (Serialized files now loaded: 0)
System memory in use before: 88.6 MB.
System memory in use after: 88.7 MB.

Unloading 14 unused Assets to reduce memory usage. Loaded Objects now: 2266.
Total: 3.758900 ms (FindLiveObjects: 0.307000 ms CreateObjectMapping: 0.121900 ms MarkObjects: 3.220400 ms  DeleteObjects: 0.108000 ms)

AssetImportParameters requested are different than current active one (requested -> active):
  custom:framework-win-MediaFoundation: 216162199b28c13a410421893ffa2e32 -> 
  custom:video-decoder-ogg-theora: a1e56fd34408186e4bbccfd4996cb3dc -> 
  custom:container-muxer-webm: aa71ff27fc2769a1b78a27578f13a17b -> 
  custom:container-demuxer-webm: 4f35f7cbe854078d1ac9338744f61a02 -> 
  custom:container-demuxer-ogg: 62fdf1f143b41e24485cea50d1cbac27 -> 
  custom:video-encoder-webm-vp8: eb34c28f22e8b96e1ab97ce403110664 -> 
  custom:video-decoder-webm-vp8: 9c59270c3fd7afecdb556c50c9e8de78 -> 
  custom:audio-decoder-ogg-vorbis: bf7c407c2cedff20999df2af8eb42d56 -> 
  custom:audio-encoder-webm-vorbis: bf7c407c2cedff20999df2af8eb42d56 -> 
========================================================================
Received Prepare
Registering precompiled user dll's ...
Registered in 0.007685 seconds.
Begin MonoManager ReloadAssembly
Native extension for WindowsStandalone target not found
Refreshing native plugins compatible for Editor in 0.42 ms, found 2 plugins.
Preloading 0 native plugins for Editor in 0.00 ms.
Mono: successfully reloaded assembly
- Completed reload, in  1.155 seconds
Platform modules already initialized, skipping
Shader 'WFX/Transparent Specular': fallback shader 'Particles/Alpha Blended' not found
Shader 'WFX/Transparent Diffuse': fallback shader 'Particles/Alpha Blended' not found
Refreshing native plugins compatible for Editor in 0.45 ms, found 2 plugins.
Preloading 0 native plugins for Editor in 0.00 ms.
Unloading 1716 Unused Serialized files (Serialized files now loaded: 0)
System memory in use before: 88.6 MB.
System memory in use after: 88.7 MB.

Unloading 14 unused Assets to reduce memory usage. Loaded Objects now: 2269.
Total: 2.156500 ms (FindLiveObjects: 0.201100 ms CreateObjectMapping: 0.075000 ms MarkObjects: 1.820900 ms  DeleteObjects: 0.058500 ms)

AssetImportParameters requested are different than current active one (requested -> active):
  custom:framework-win-MediaFoundation: 216162199b28c13a410421893ffa2e32 -> 
  custom:video-decoder-ogg-theora: a1e56fd34408186e4bbccfd4996cb3dc -> 
  custom:container-muxer-webm: aa71ff27fc2769a1b78a27578f13a17b -> 
  custom:container-demuxer-webm: 4f35f7cbe854078d1ac9338744f61a02 -> 
  custom:container-demuxer-ogg: 62fdf1f143b41e24485cea50d1cbac27 -> 
  custom:video-encoder-webm-vp8: eb34c28f22e8b96e1ab97ce403110664 -> 
  custom:video-decoder-webm-vp8: 9c59270c3fd7afecdb556c50c9e8de78 -> 
  custom:audio-decoder-ogg-vorbis: bf7c407c2cedff20999df2af8eb42d56 -> 
  custom:audio-encoder-webm-vorbis: bf7c407c2cedff20999df2af8eb42d56 -> 
========================================================================
Received Prepare
Registering precompiled user dll's ...
Registered in 0.009016 seconds.
Begin MonoManager ReloadAssembly
Native extension for WindowsStandalone target not found
Refreshing native plugins compatible for Editor in 0.44 ms, found 2 plugins.
Preloading 0 native plugins for Editor in 0.00 ms.
Mono: successfully reloaded assembly
- Completed reload, in  1.338 seconds
Platform modules already initialized, skipping
Shader 'WFX/Transparent Specular': fallback shader 'Particles/Alpha Blended' not found
Shader 'WFX/Transparent Diffuse': fallback shader 'Particles/Alpha Blended' not found
Refreshing native plugins compatible for Editor in 0.43 ms, found 2 plugins.
Preloading 0 native plugins for Editor in 0.00 ms.
Unloading 1716 Unused Serialized files (Serialized files now loaded: 0)
System memory in use before: 88.6 MB.
System memory in use after: 88.7 MB.

Unloading 14 unused Assets to reduce memory usage. Loaded Objects now: 2272.
Total: 2.086600 ms (FindLiveObjects: 0.177700 ms CreateObjectMapping: 0.063700 ms MarkObjects: 1.770900 ms  DeleteObjects: 0.073400 ms)

AssetImportParameters requested are different than current active one (requested -> active):
  custom:framework-win-MediaFoundation: 216162199b28c13a410421893ffa2e32 -> 
  custom:video-decoder-ogg-theora: a1e56fd34408186e4bbccfd4996cb3dc -> 
  custom:container-muxer-webm: aa71ff27fc2769a1b78a27578f13a17b -> 
  custom:container-demuxer-webm: 4f35f7cbe854078d1ac9338744f61a02 -> 
  custom:container-demuxer-ogg: 62fdf1f143b41e24485cea50d1cbac27 -> 
  custom:video-encoder-webm-vp8: eb34c28f22e8b96e1ab97ce403110664 -> 
  custom:video-decoder-webm-vp8: 9c59270c3fd7afecdb556c50c9e8de78 -> 
  custom:audio-decoder-ogg-vorbis: bf7c407c2cedff20999df2af8eb42d56 -> 
  custom:audio-encoder-webm-vorbis: bf7c407c2cedff20999df2af8eb42d56 -> 
========================================================================
Received Prepare
Registering precompiled user dll's ...
Registered in 0.006635 seconds.
Begin MonoManager ReloadAssembly
Native extension for WindowsStandalone target not found
Refreshing native plugins compatible for Editor in 0.41 ms, found 2 plugins.
Preloading 0 native plugins for Editor in 0.00 ms.
Mono: successfully reloaded assembly
- Completed reload, in  1.234 seconds
Platform modules already initialized, skipping
Shader 'WFX/Transparent Specular': fallback shader 'Particles/Alpha Blended' not found
Shader 'WFX/Transparent Diffuse': fallback shader 'Particles/Alpha Blended' not found
Refreshing native plugins compatible for Editor in 0.58 ms, found 2 plugins.
Preloading 0 native plugins for Editor in 0.00 ms.
Unloading 1716 Unused Serialized files (Serialized files now loaded: 0)
System memory in use before: 88.6 MB.
System memory in use after: 88.7 MB.

Unloading 14 unused Assets to reduce memory usage. Loaded Objects now: 2275.
Total: 2.588200 ms (FindLiveObjects: 0.238200 ms CreateObjectMapping: 0.114800 ms MarkObjects: 2.173600 ms  DeleteObjects: 0.060200 ms)

AssetImportParameters requested are different than current active one (requested -> active):
  custom:framework-win-MediaFoundation: 216162199b28c13a410421893ffa2e32 -> 
  custom:video-decoder-ogg-theora: a1e56fd34408186e4bbccfd4996cb3dc -> 
  custom:container-muxer-webm: aa71ff27fc2769a1b78a27578f13a17b -> 
  custom:container-demuxer-webm: 4f35f7cbe854078d1ac9338744f61a02 -> 
  custom:container-demuxer-ogg: 62fdf1f143b41e24485cea50d1cbac27 -> 
  custom:video-encoder-webm-vp8: eb34c28f22e8b96e1ab97ce403110664 -> 
  custom:video-decoder-webm-vp8: 9c59270c3fd7afecdb556c50c9e8de78 -> 
  custom:audio-decoder-ogg-vorbis: bf7c407c2cedff20999df2af8eb42d56 -> 
  custom:audio-encoder-webm-vorbis: bf7c407c2cedff20999df2af8eb42d56 -> 
========================================================================
Received Import Request.
  Time since last request: 590.071065 seconds.
  path: Assets/Scenes/Victory Screen.unity
  artifactKey: Guid(94917fb43f5bdb14ab60d652e75aaeef) Importer(815301076,1909f56bfc062723c751e8b465ee728b)
Start importing Assets/Scenes/Victory Screen.unity using Guid(94917fb43f5bdb14ab60d652e75aaeef) Importer(815301076,1909f56bfc062723c751e8b465ee728b)  -> (artifact id: '0b67f46a990c2507ee7afb0e6e590510') in 0.024120 seconds 
  Import took 0.026988 seconds .

========================================================================
Received Prepare
Registering precompiled user dll's ...
Registered in 0.005720 seconds.
Begin MonoManager ReloadAssembly
Native extension for WindowsStandalone target not found
Refreshing native plugins compatible for Editor in 0.48 ms, found 2 plugins.
Preloading 0 native plugins for Editor in 0.00 ms.
Mono: successfully reloaded assembly
- Completed reload, in  1.584 seconds
Platform modules already initialized, skipping
Shader 'WFX/Transparent Specular': fallback shader 'Particles/Alpha Blended' not found
Shader 'WFX/Transparent Diffuse': fallback shader 'Particles/Alpha Blended' not found
Refreshing native plugins compatible for Editor in 0.53 ms, found 2 plugins.
Preloading 0 native plugins for Editor in 0.00 ms.
Unloading 1716 Unused Serialized files (Serialized files now loaded: 0)
System memory in use before: 88.6 MB.
System memory in use after: 88.7 MB.

Unloading 14 unused Assets to reduce memory usage. Loaded Objects now: 2278.
Total: 2.231800 ms (FindLiveObjects: 0.181900 ms CreateObjectMapping: 0.068800 ms MarkObjects: 1.927300 ms  DeleteObjects: 0.052900 ms)

AssetImportParameters requested are different than current active one (requested -> active):
  custom:framework-win-MediaFoundation: 216162199b28c13a410421893ffa2e32 -> 
  custom:video-decoder-ogg-theora: a1e56fd34408186e4bbccfd4996cb3dc -> 
  custom:container-muxer-webm: aa71ff27fc2769a1b78a27578f13a17b -> 
  custom:container-demuxer-webm: 4f35f7cbe854078d1ac9338744f61a02 -> 
  custom:container-demuxer-ogg: 62fdf1f143b41e24485cea50d1cbac27 -> 
  custom:video-encoder-webm-vp8: eb34c28f22e8b96e1ab97ce403110664 -> 
  custom:video-decoder-webm-vp8: 9c59270c3fd7afecdb556c50c9e8de78 -> 
  custom:audio-decoder-ogg-vorbis: bf7c407c2cedff20999df2af8eb42d56 -> 
  custom:audio-encoder-webm-vorbis: bf7c407c2cedff20999df2af8eb42d56 -> 
========================================================================
Received Prepare
Registering precompiled user dll's ...
Registered in 0.005704 seconds.
Begin MonoManager ReloadAssembly
Native extension for WindowsStandalone target not found
Refreshing native plugins compatible for Editor in 0.40 ms, found 2 plugins.
Preloading 0 native plugins for Editor in 0.00 ms.
Mono: successfully reloaded assembly
- Completed reload, in  0.972 seconds
Platform modules already initialized, skipping
Shader 'WFX/Transparent Specular': fallback shader 'Particles/Alpha Blended' not found
Shader 'WFX/Transparent Diffuse': fallback shader 'Particles/Alpha Blended' not found
Refreshing native plugins compatible for Editor in 0.40 ms, found 2 plugins.
Preloading 0 native plugins for Editor in 0.00 ms.
Unloading 1716 Unused Serialized files (Serialized files now loaded: 0)
System memory in use before: 88.6 MB.
System memory in use after: 88.7 MB.

Unloading 14 unused Assets to reduce memory usage. Loaded Objects now: 2281.
Total: 2.002800 ms (FindLiveObjects: 0.169300 ms CreateObjectMapping: 0.061200 ms MarkObjects: 1.719800 ms  DeleteObjects: 0.051500 ms)

AssetImportParameters requested are different than current active one (requested -> active):
  custom:framework-win-MediaFoundation: 216162199b28c13a410421893ffa2e32 -> 
  custom:video-decoder-ogg-theora: a1e56fd34408186e4bbccfd4996cb3dc -> 
  custom:container-muxer-webm: aa71ff27fc2769a1b78a27578f13a17b -> 
  custom:container-demuxer-webm: 4f35f7cbe854078d1ac9338744f61a02 -> 
  custom:container-demuxer-ogg: 62fdf1f143b41e24485cea50d1cbac27 -> 
  custom:video-encoder-webm-vp8: eb34c28f22e8b96e1ab97ce403110664 -> 
  custom:video-decoder-webm-vp8: 9c59270c3fd7afecdb556c50c9e8de78 -> 
  custom:audio-decoder-ogg-vorbis: bf7c407c2cedff20999df2af8eb42d56 -> 
  custom:audio-encoder-webm-vorbis: bf7c407c2cedff20999df2af8eb42d56 -> 
AssetImportWorkerClient::OnTransportError - code=2 error=End of file
